Start testing: Sep 19 14:01 UTC
----------------------------------------------------------
Failed to change working directory to C:/Projects/Quick : No such file or directory
1/43 Testing: ParserTest
1/43 Test: ParserTest
Command: ""
Directory: C:/Projects/Quick
"ParserTest" start time: 
Output:
----------------------------------------------------------
<end of output>
Test time =   0.00 sec
----------------------------------------------------------
Test Passed.
"ParserTest" end time: Sep 19 14:01 UTC
"ParserTest" time elapsed: 00:00:00
----------------------------------------------------------

Failed to change working directory to C:/Projects/Quick : No such file or directory
2/43 Testing: TypeParserTest
2/43 Test: TypeParserTest
Command: ""
Directory: C:/Projects/Quick
"TypeParserTest" start time: 
Output:
----------------------------------------------------------
<end of output>
Test time =   0.00 sec
----------------------------------------------------------
Test Passed.
"TypeParserTest" end time: Sep 19 14:01 UTC
"TypeParserTest" time elapsed: 00:00:00
----------------------------------------------------------

Failed to change working directory to C:/Projects/Quick : No such file or directory
3/43 Testing: AddTest
3/43 Test: AddTest
Command: ""
Directory: C:/Projects/Quick
"AddTest" start time: 
Output:
----------------------------------------------------------
<end of output>
Test time =   0.00 sec
----------------------------------------------------------
Test Passed.
"AddTest" end time: Sep 19 14:01 UTC
"AddTest" time elapsed: 00:00:00
----------------------------------------------------------

Failed to change working directory to C:/Projects/Quick : No such file or directory
4/43 Testing: CFGTest
4/43 Test: CFGTest
Command: ""
Directory: C:/Projects/Quick
"CFGTest" start time: 
Output:
----------------------------------------------------------
<end of output>
Test time =   0.00 sec
----------------------------------------------------------
Test Passed.
"CFGTest" end time: Sep 19 14:01 UTC
"CFGTest" time elapsed: 00:00:00
----------------------------------------------------------

Failed to change working directory to C:/Projects/Quick : No such file or directory
5/43 Testing: DomTreeTest
5/43 Test: DomTreeTest
Command: ""
Directory: C:/Projects/Quick
"DomTreeTest" start time: 
Output:
----------------------------------------------------------
<end of output>
Test time =   0.00 sec
----------------------------------------------------------
Test Passed.
"DomTreeTest" end time: Sep 19 14:01 UTC
"DomTreeTest" time elapsed: 00:00:00
----------------------------------------------------------

Failed to change working directory to C:/Projects/Quick : No such file or directory
6/43 Testing: DFTest
6/43 Test: DFTest
Command: ""
Directory: C:/Projects/Quick
"DFTest" start time: 
Output:
----------------------------------------------------------
<end of output>
Test time =   0.00 sec
----------------------------------------------------------
Test Passed.
"DFTest" end time: Sep 19 14:01 UTC
"DFTest" time elapsed: 00:00:00
----------------------------------------------------------

Failed to change working directory to C:/Projects/Quick : No such file or directory
7/43 Testing: PhiTest
7/43 Test: PhiTest
Command: ""
Directory: C:/Projects/Quick
"PhiTest" start time: 
Output:
----------------------------------------------------------
<end of output>
Test time =   0.00 sec
----------------------------------------------------------
Test Passed.
"PhiTest" end time: Sep 19 14:01 UTC
"PhiTest" time elapsed: 00:00:00
----------------------------------------------------------

Failed to change working directory to C:/Projects/Quick : No such file or directory
8/43 Testing: DIETest
8/43 Test: DIETest
Command: ""
Directory: C:/Projects/Quick
"DIETest" start time: 
Output:
----------------------------------------------------------
<end of output>
Test time =   0.00 sec
----------------------------------------------------------
Test Passed.
"DIETest" end time: Sep 19 14:01 UTC
"DIETest" time elapsed: 00:00:00
----------------------------------------------------------

Failed to change working directory to C:/Projects/Quick : No such file or directory
9/43 Testing: DIEChainTest
9/43 Test: DIEChainTest
Command: ""
Directory: C:/Projects/Quick
"DIEChainTest" start time: 
Output:
----------------------------------------------------------
<end of output>
Test time =   0.00 sec
----------------------------------------------------------
Test Passed.
"DIEChainTest" end time: Sep 19 14:01 UTC
"DIEChainTest" time elapsed: 00:00:00
----------------------------------------------------------

Failed to change working directory to C:/Projects/Quick : No such file or directory
10/43 Testing: WindowsTest
10/43 Test: WindowsTest
Command: ""
Directory: C:/Projects/Quick
"WindowsTest" start time: 
Output:
----------------------------------------------------------
<end of output>
Test time =   0.00 sec
----------------------------------------------------------
Test Passed.
"WindowsTest" end time: Sep 19 14:01 UTC
"WindowsTest" time elapsed: 00:00:00
----------------------------------------------------------

Failed to change working directory to C:/Projects/Quick : No such file or directory
11/43 Testing: RenameTest
11/43 Test: RenameTest
Command: ""
Directory: C:/Projects/Quick
"RenameTest" start time: 
Output:
----------------------------------------------------------
<end of output>
Test time =   0.00 sec
----------------------------------------------------------
Test Passed.
"RenameTest" end time: Sep 19 14:01 UTC
"RenameTest" time elapsed: 00:00:00
----------------------------------------------------------

Failed to change working directory to C:/Projects/Quick : No such file or directory
12/43 Testing: RenameLoadTest
12/43 Test: RenameLoadTest
Command: ""
Directory: C:/Projects/Quick
"RenameLoadTest" start time: 
Output:
----------------------------------------------------------
<end of output>
Test time =   0.00 sec
----------------------------------------------------------
Test Passed.
"RenameLoadTest" end time: Sep 19 14:01 UTC
"RenameLoadTest" time elapsed: 00:00:00
----------------------------------------------------------

Failed to change working directory to C:/Projects/Quick : No such file or directory
13/43 Testing: Mem2RegTest
13/43 Test: Mem2RegTest
Command: ""
Directory: C:/Projects/Quick
"Mem2RegTest" start time: 
Output:
----------------------------------------------------------
<end of output>
Test time =   0.00 sec
----------------------------------------------------------
Test Passed.
"Mem2RegTest" end time: Sep 19 14:01 UTC
"Mem2RegTest" time elapsed: 00:00:00
----------------------------------------------------------

Failed to change working directory to C:/Projects/Quick : No such file or directory
14/43 Testing: CopyElimTest
14/43 Test: CopyElimTest
Command: ""
Directory: C:/Projects/Quick
"CopyElimTest" start time: 
Output:
----------------------------------------------------------
<end of output>
Test time =   0.00 sec
----------------------------------------------------------
Test Passed.
"CopyElimTest" end time: Sep 19 14:01 UTC
"CopyElimTest" time elapsed: 00:00:00
----------------------------------------------------------

Failed to change working directory to C:/Projects/Quick : No such file or directory
15/43 Testing: GVNTest
15/43 Test: GVNTest
Command: ""
Directory: C:/Projects/Quick
"GVNTest" start time: 
Output:
----------------------------------------------------------
<end of output>
Test time =   0.00 sec
----------------------------------------------------------
Test Passed.
"GVNTest" end time: Sep 19 14:01 UTC
"GVNTest" time elapsed: 00:00:00
----------------------------------------------------------

Failed to change working directory to C:/Projects/Quick : No such file or directory
16/43 Testing: RegAllocTest
16/43 Test: RegAllocTest
Command: ""
Directory: C:/Projects/Quick
"RegAllocTest" start time: 
Output:
----------------------------------------------------------
<end of output>
Test time =   0.00 sec
----------------------------------------------------------
Test Passed.
"RegAllocTest" end time: Sep 19 14:01 UTC
"RegAllocTest" time elapsed: 00:00:00
----------------------------------------------------------

Failed to change working directory to C:/Projects/Quick : No such file or directory
17/43 Testing: RegAllocSpillTest
17/43 Test: RegAllocSpillTest
Command: ""
Directory: C:/Projects/Quick
"RegAllocSpillTest" start time: 
Output:
----------------------------------------------------------
<end of output>
Test time =   0.00 sec
----------------------------------------------------------
Test Passed.
"RegAllocSpillTest" end time: Sep 19 14:01 UTC
"RegAllocSpillTest" time elapsed: 00:00:00
----------------------------------------------------------

Failed to change working directory to C:/Projects/Quick : No such file or directory
18/43 Testing: LivenessTest
18/43 Test: LivenessTest
Command: ""
Directory: C:/Projects/Quick
"LivenessTest" start time: 
Output:
----------------------------------------------------------
<end of output>
Test time =   0.00 sec
----------------------------------------------------------
Test Passed.
"LivenessTest" end time: Sep 19 14:01 UTC
"LivenessTest" time elapsed: 00:00:00
----------------------------------------------------------

Failed to change working directory to C:/Projects/Quick : No such file or directory
19/43 Testing: SCCPTest
19/43 Test: SCCPTest
Command: ""
Directory: C:/Projects/Quick
"SCCPTest" start time: 
Output:
----------------------------------------------------------
<end of output>
Test time =   0.00 sec
----------------------------------------------------------
Test Passed.
"SCCPTest" end time: Sep 19 14:01 UTC
"SCCPTest" time elapsed: 00:00:00
----------------------------------------------------------

Failed to change working directory to C:/Projects/Quick : No such file or directory
20/43 Testing: WindowsStackTest
20/43 Test: WindowsStackTest
Command: ""
Directory: C:/Projects/Quick
"WindowsStackTest" start time: 
Output:
----------------------------------------------------------
<end of output>
Test time =   0.00 sec
----------------------------------------------------------
Test Passed.
"WindowsStackTest" end time: Sep 19 14:01 UTC
"WindowsStackTest" time elapsed: 00:00:00
----------------------------------------------------------

Failed to change working directory to C:/Projects/Quick : No such file or directory
21/43 Testing: CopyTest
21/43 Test: CopyTest
Command: ""
Directory: C:/Projects/Quick
"CopyTest" start time: 
Output:
----------------------------------------------------------
<end of output>
Test time =   0.00 sec
----------------------------------------------------------
Test Passed.
"CopyTest" end time: Sep 19 14:01 UTC
"CopyTest" time elapsed: 00:00:00
----------------------------------------------------------

Failed to change working directory to C:/Projects/Quick : No such file or directory
22/43 Testing: MulDivTest
22/43 Test: MulDivTest
Command: ""
Directory: C:/Projects/Quick
"MulDivTest" start time: 
Output:
----------------------------------------------------------
<end of output>
Test time =   0.00 sec
----------------------------------------------------------
Test Passed.
"MulDivTest" end time: Sep 19 14:01 UTC
"MulDivTest" time elapsed: 00:00:00
----------------------------------------------------------

Failed to change working directory to C:/Projects/Quick : No such file or directory
23/43 Testing: BitwiseTest
23/43 Test: BitwiseTest
Command: ""
Directory: C:/Projects/Quick
"BitwiseTest" start time: 
Output:
----------------------------------------------------------
<end of output>
Test time =   0.00 sec
----------------------------------------------------------
Test Passed.
"BitwiseTest" end time: Sep 19 14:01 UTC
"BitwiseTest" time elapsed: 00:00:00
----------------------------------------------------------

Failed to change working directory to C:/Projects/Quick : No such file or directory
24/43 Testing: NegTest
24/43 Test: NegTest
Command: ""
Directory: C:/Projects/Quick
"NegTest" start time: 
Output:
----------------------------------------------------------
<end of output>
Test time =   0.00 sec
----------------------------------------------------------
Test Passed.
"NegTest" end time: Sep 19 14:01 UTC
"NegTest" time elapsed: 00:00:00
----------------------------------------------------------

Failed to change working directory to C:/Projects/Quick : No such file or directory
25/43 Testing: ComparisonParserTest
25/43 Test: ComparisonParserTest
Command: ""
Directory: C:/Projects/Quick
"ComparisonParserTest" start time: 
Output:
----------------------------------------------------------
<end of output>
Test time =   0.00 sec
----------------------------------------------------------
Test Passed.
"ComparisonParserTest" end time: Sep 19 14:01 UTC
"ComparisonParserTest" time elapsed: 00:00:00
----------------------------------------------------------

Failed to change working directory to C:/Projects/Quick : No such file or directory
26/43 Testing: EnhancedSCCPTest
26/43 Test: EnhancedSCCPTest
Command: ""
Directory: C:/Projects/Quick
"EnhancedSCCPTest" start time: 
Output:
----------------------------------------------------------
<end of output>
Test time =   0.00 sec
----------------------------------------------------------
Test Passed.
"EnhancedSCCPTest" end time: Sep 19 14:01 UTC
"EnhancedSCCPTest" time elapsed: 00:00:00
----------------------------------------------------------

Failed to change working directory to C:/Projects/Quick : No such file or directory
27/43 Testing: EnhancedDCETest
27/43 Test: EnhancedDCETest
Command: ""
Directory: C:/Projects/Quick
"EnhancedDCETest" start time: 
Output:
----------------------------------------------------------
<end of output>
Test time =   0.00 sec
----------------------------------------------------------
Test Passed.
"EnhancedDCETest" end time: Sep 19 14:01 UTC
"EnhancedDCETest" time elapsed: 00:00:00
----------------------------------------------------------

Failed to change working directory to C:/Projects/Quick : No such file or directory
28/43 Testing: LICMTest
28/43 Test: LICMTest
Command: ""
Directory: C:/Projects/Quick
"LICMTest" start time: 
Output:
----------------------------------------------------------
<end of output>
Test time =   0.00 sec
----------------------------------------------------------
Test Passed.
"LICMTest" end time: Sep 19 14:01 UTC
"LICMTest" time elapsed: 00:00:00
----------------------------------------------------------

Failed to change working directory to C:/Projects/Quick : No such file or directory
29/43 Testing: IntegrationTest
29/43 Test: IntegrationTest
Command: ""
Directory: C:/Projects/Quick
"IntegrationTest" start time: 
Output:
----------------------------------------------------------
<end of output>
Test time =   0.00 sec
----------------------------------------------------------
Test Passed.
"IntegrationTest" end time: Sep 19 14:01 UTC
"IntegrationTest" time elapsed: 00:00:00
----------------------------------------------------------

Failed to change working directory to C:/Projects/Quick : No such file or directory
30/43 Testing: ASMValidationTest
30/43 Test: ASMValidationTest
Command: ""
Directory: C:/Projects/Quick
"ASMValidationTest" start time: 
Output:
----------------------------------------------------------
<end of output>
Test time =   0.00 sec
----------------------------------------------------------
Test Passed.
"ASMValidationTest" end time: Sep 19 14:01 UTC
"ASMValidationTest" time elapsed: 00:00:00
----------------------------------------------------------

Failed to change working directory to C:/Projects/Quick : No such file or directory
31/43 Testing: ObjectGenerationTest
31/43 Test: ObjectGenerationTest
Command: ""
Directory: C:/Projects/Quick
"ObjectGenerationTest" start time: 
Output:
----------------------------------------------------------
<end of output>
Test time =   0.00 sec
----------------------------------------------------------
Test Passed.
"ObjectGenerationTest" end time: Sep 19 14:01 UTC
"ObjectGenerationTest" time elapsed: 00:00:00
----------------------------------------------------------

Failed to change working directory to C:/Projects/Quick : No such file or directory
32/43 Testing: EnhancedCodeGenTest
32/43 Test: EnhancedCodeGenTest
Command: ""
Directory: C:/Projects/Quick
"EnhancedCodeGenTest" start time: 
Output:
----------------------------------------------------------
<end of output>
Test time =   0.00 sec
----------------------------------------------------------
Test Passed.
"EnhancedCodeGenTest" end time: Sep 19 14:01 UTC
"EnhancedCodeGenTest" time elapsed: 00:00:00
----------------------------------------------------------

Failed to change working directory to C:/Projects/Quick : No such file or directory
33/43 Testing: EnhancedTargetsTest
33/43 Test: EnhancedTargetsTest
Command: ""
Directory: C:/Projects/Quick
"EnhancedTargetsTest" start time: 
Output:
----------------------------------------------------------
<end of output>
Test time =   0.00 sec
----------------------------------------------------------
Test Passed.
"EnhancedTargetsTest" end time: Sep 19 14:01 UTC
"EnhancedTargetsTest" time elapsed: 00:00:00
----------------------------------------------------------

Failed to change working directory to C:/Projects/Quick : No such file or directory
34/43 Testing: MemoryOperationsTest
34/43 Test: MemoryOperationsTest
Command: ""
Directory: C:/Projects/Quick
"MemoryOperationsTest" start time: 
Output:
----------------------------------------------------------
<end of output>
Test time =   0.00 sec
----------------------------------------------------------
Test Passed.
"MemoryOperationsTest" end time: Sep 19 14:01 UTC
"MemoryOperationsTest" time elapsed: 00:00:00
----------------------------------------------------------

Failed to change working directory to C:/Projects/Quick : No such file or directory
35/43 Testing: ComparisonControlFlowTest
35/43 Test: ComparisonControlFlowTest
Command: ""
Directory: C:/Projects/Quick
"ComparisonControlFlowTest" start time: 
Output:
----------------------------------------------------------
<end of output>
Test time =   0.00 sec
----------------------------------------------------------
Test Passed.
"ComparisonControlFlowTest" end time: Sep 19 14:01 UTC
"ComparisonControlFlowTest" time elapsed: 00:00:00
----------------------------------------------------------

Failed to change working directory to C:/Projects/Quick : No such file or directory
36/43 Testing: ProfilingTest
36/43 Test: ProfilingTest
Command: ""
Directory: C:/Projects/Quick
"ProfilingTest" start time: 
Output:
----------------------------------------------------------
<end of output>
Test time =   0.00 sec
----------------------------------------------------------
Test Passed.
"ProfilingTest" end time: Sep 19 14:01 UTC
"ProfilingTest" time elapsed: 00:00:00
----------------------------------------------------------

Failed to change working directory to C:/Projects/Quick : No such file or directory
37/43 Testing: SIMDTest
37/43 Test: SIMDTest
Command: ""
Directory: C:/Projects/Quick
"SIMDTest" start time: 
Output:
----------------------------------------------------------
<end of output>
Test time =   0.00 sec
----------------------------------------------------------
Test Passed.
"SIMDTest" end time: Sep 19 14:01 UTC
"SIMDTest" time elapsed: 00:00:00
----------------------------------------------------------

Failed to change working directory to C:/Projects/Quick : No such file or directory
38/43 Testing: FusionTest
38/43 Test: FusionTest
Command: ""
Directory: C:/Projects/Quick
"FusionTest" start time: 
Output:
----------------------------------------------------------
<end of output>
Test time =   0.00 sec
----------------------------------------------------------
Test Passed.
"FusionTest" end time: Sep 19 14:01 UTC
"FusionTest" time elapsed: 00:00:00
----------------------------------------------------------

Failed to change working directory to C:/Projects/Quick : No such file or directory
39/43 Testing: DebugInfoTest
39/43 Test: DebugInfoTest
Command: ""
Directory: C:/Projects/Quick
"DebugInfoTest" start time: 
Output:
----------------------------------------------------------
<end of output>
Test time =   0.00 sec
----------------------------------------------------------
Test Passed.
"DebugInfoTest" end time: Sep 19 14:01 UTC
"DebugInfoTest" time elapsed: 00:00:00
----------------------------------------------------------

Failed to change working directory to C:/Projects/Quick : No such file or directory
40/43 Testing: EnhancedIntegrationTest
40/43 Test: EnhancedIntegrationTest
Command: ""
Directory: C:/Projects/Quick
"EnhancedIntegrationTest" start time: 
Output:
----------------------------------------------------------
<end of output>
Test time =   0.00 sec
----------------------------------------------------------
Test Passed.
"EnhancedIntegrationTest" end time: Sep 19 14:01 UTC
"EnhancedIntegrationTest" time elapsed: 00:00:00
----------------------------------------------------------

Failed to change working directory to C:/Projects/Quick : No such file or directory
41/43 Testing: BenchmarkTest
41/43 Test: BenchmarkTest
Command: ""
Directory: C:/Projects/Quick
"BenchmarkTest" start time: 
Output:
----------------------------------------------------------
<end of output>
Test time =   0.00 sec
----------------------------------------------------------
Test Passed.
"BenchmarkTest" end time: Sep 19 14:01 UTC
"BenchmarkTest" time elapsed: 00:00:00
----------------------------------------------------------

Failed to change working directory to C:/Projects/Quick : No such file or directory
42/43 Testing: WindowsRiscVEnhancedTest
42/43 Test: WindowsRiscVEnhancedTest
Command: ""
Directory: C:/Projects/Quick
"WindowsRiscVEnhancedTest" start time: 
Output:
----------------------------------------------------------
<end of output>
Test time =   0.00 sec
----------------------------------------------------------
Test Passed.
"WindowsRiscVEnhancedTest" end time: Sep 19 14:01 UTC
"WindowsRiscVEnhancedTest" time elapsed: 00:00:00
----------------------------------------------------------

Failed to change working directory to C:/Projects/Quick : No such file or directory
43/43 Testing: RiscV64EnhancedTest
43/43 Test: RiscV64EnhancedTest
Command: ""
Directory: C:/Projects/Quick
"RiscV64EnhancedTest" start time: 
Output:
----------------------------------------------------------
<end of output>
Test time =   0.00 sec
----------------------------------------------------------
Test Passed.
"RiscV64EnhancedTest" end time: Sep 19 14:01 UTC
"RiscV64EnhancedTest" time elapsed: 00:00:00
----------------------------------------------------------

End testing: Sep 19 14:01 UTC
